
[19-Mar-2024 11:24:38 UTC] PHP Warning:  mysqli_real_connect(): (HY000/2002): Aucune connexion n’a pu être établie car l’ordinateur cible l’a expressément refusée in C:\Users\Scradle\Local Sites\med-it\app\public\wp-includes\class-wpdb.php on line 1987
[19-Mar-2024 11:24:39 UTC] PHP Warning:  mysqli_real_connect(): (HY000/2002): Aucune connexion n’a pu être établie car l’ordinateur cible l’a expressément refusée in C:\Users\Scradle\Local Sites\med-it\app\public\wp-includes\class-wpdb.php on line 1987
[19-Mar-2024 11:24:39 UTC] PHP Warning:  mysqli_real_connect(): (HY000/2002): Aucune connexion n’a pu être établie car l’ordinateur cible l’a expressément refusée in C:\Users\Scradle\Local Sites\med-it\app\public\wp-includes\class-wpdb.php on line 1987
[19-Mar-2024 11:24:39 UTC] PHP Warning:  mysqli_real_connect(): (HY000/2002): Aucune connexion n’a pu être établie car l’ordinateur cible l’a expressément refusée in C:\Users\Scradle\Local Sites\med-it\app\public\wp-includes\class-wpdb.php on line 1987
[19-Mar-2024 11:24:39 UTC] PHP Warning:  mysqli_real_connect(): (HY000/2002): Aucune connexion n’a pu être établie car l’ordinateur cible l’a expressément refusée in C:\Users\Scradle\Local Sites\med-it\app\public\wp-includes\class-wpdb.php on line 1987
[19-Mar-2024 11:24:44 UTC] PHP Warning:  mysqli_real_connect(): (HY000/2002): Aucune connexion n’a pu être établie car l’ordinateur cible l’a expressément refusée in C:\Users\Scradle\Local Sites\med-it\app\public\wp-includes\class-wpdb.php on line 1987
[20-Mar-2024 21:32:20 UTC] PHP Warning:  mysqli_real_connect(): (HY000/2002): Aucune connexion n’a pu être établie car l’ordinateur cible l’a expressément refusée in C:\Users\Scradle\Local Sites\med-it\app\public\wp-includes\class-wpdb.php on line 1987
[20-Mar-2024 22:10:13 UTC] PHP Parse error:  syntax error, unexpected token "<", expecting end of file in C:\Users\Scradle\Local Sites\med-it\app\public\wp-content\themes\oceanwp-child-theme-master\functions.php on line 42
[20-Mar-2024 22:10:13 UTC] PHP Parse error:  syntax error, unexpected token "<", expecting end of file in C:\Users\Scradle\Local Sites\med-it\app\public\wp-content\themes\oceanwp-child-theme-master\functions.php on line 42
[20-Mar-2024 22:10:22 UTC] PHP Parse error:  syntax error, unexpected token "<", expecting end of file in C:\Users\Scradle\Local Sites\med-it\app\public\wp-content\themes\oceanwp-child-theme-master\functions.php on line 42
[20-Mar-2024 22:10:22 UTC] PHP Parse error:  syntax error, unexpected token "<", expecting end of file in C:\Users\Scradle\Local Sites\med-it\app\public\wp-content\themes\oceanwp-child-theme-master\functions.php on line 42
[20-Mar-2024 22:10:53 UTC] PHP Parse error:  syntax error, unexpected token "<", expecting end of file in C:\Users\Scradle\Local Sites\med-it\app\public\wp-content\themes\oceanwp-child-theme-master\functions.php on line 42
[20-Mar-2024 22:10:53 UTC] PHP Parse error:  syntax error, unexpected token "<", expecting end of file in C:\Users\Scradle\Local Sites\med-it\app\public\wp-content\themes\oceanwp-child-theme-master\functions.php on line 42
[20-Mar-2024 22:11:05 UTC] PHP Parse error:  syntax error, unexpected token "<", expecting end of file in C:\Users\Scradle\Local Sites\med-it\app\public\wp-content\themes\oceanwp-child-theme-master\functions.php on line 42
[20-Mar-2024 22:11:05 UTC] PHP Parse error:  syntax error, unexpected token "<", expecting end of file in C:\Users\Scradle\Local Sites\med-it\app\public\wp-content\themes\oceanwp-child-theme-master\functions.php on line 42
[24-Mar-2024 12:11:40 UTC] PHP Warning:  mysqli_real_connect(): (HY000/2002): Aucune connexion n’a pu être établie car l’ordinateur cible l’a expressément refusée in C:\Users\Scradle\Local Sites\med-it\app\public\wp-includes\class-wpdb.php on line 1987
[24-Mar-2024 12:12:11 UTC] PHP Deprecated:  strpos(): Passing null to parameter #1 ($haystack) of type string is deprecated in C:\Users\Scradle\Local Sites\med-it\app\public\wp-includes\functions.php on line 7241
[24-Mar-2024 12:12:11 UTC] PHP Deprecated:  str_replace(): Passing null to parameter #3 ($subject) of type array|string is deprecated in C:\Users\Scradle\Local Sites\med-it\app\public\wp-includes\functions.php on line 2187
[24-Mar-2024 12:12:51 UTC] PHP Deprecated:  strpos(): Passing null to parameter #1 ($haystack) of type string is deprecated in C:\Users\Scradle\Local Sites\med-it\app\public\wp-includes\functions.php on line 7241
[24-Mar-2024 12:12:51 UTC] PHP Deprecated:  str_replace(): Passing null to parameter #3 ($subject) of type array|string is deprecated in C:\Users\Scradle\Local Sites\med-it\app\public\wp-includes\functions.php on line 2187
[24-Mar-2024 12:13:56 UTC] PHP Deprecated:  strpos(): Passing null to parameter #1 ($haystack) of type string is deprecated in C:\Users\Scradle\Local Sites\med-it\app\public\wp-includes\functions.php on line 7241
[24-Mar-2024 12:13:56 UTC] PHP Deprecated:  str_replace(): Passing null to parameter #3 ($subject) of type array|string is deprecated in C:\Users\Scradle\Local Sites\med-it\app\public\wp-includes\functions.php on line 2187
[24-Mar-2024 12:13:58 UTC] PHP Deprecated:  strpos(): Passing null to parameter #1 ($haystack) of type string is deprecated in C:\Users\Scradle\Local Sites\med-it\app\public\wp-includes\functions.php on line 7241
[24-Mar-2024 12:13:58 UTC] PHP Deprecated:  str_replace(): Passing null to parameter #3 ($subject) of type array|string is deprecated in C:\Users\Scradle\Local Sites\med-it\app\public\wp-includes\functions.php on line 2187
[24-Mar-2024 12:14:31 UTC] PHP Deprecated:  strpos(): Passing null to parameter #1 ($haystack) of type string is deprecated in C:\Users\Scradle\Local Sites\med-it\app\public\wp-includes\functions.php on line 7241
[24-Mar-2024 12:14:31 UTC] PHP Deprecated:  str_replace(): Passing null to parameter #3 ($subject) of type array|string is deprecated in C:\Users\Scradle\Local Sites\med-it\app\public\wp-includes\functions.php on line 2187
[24-Mar-2024 12:14:35 UTC] PHP Deprecated:  strpos(): Passing null to parameter #1 ($haystack) of type string is deprecated in C:\Users\Scradle\Local Sites\med-it\app\public\wp-includes\functions.php on line 7241
[24-Mar-2024 12:14:35 UTC] PHP Deprecated:  str_replace(): Passing null to parameter #3 ($subject) of type array|string is deprecated in C:\Users\Scradle\Local Sites\med-it\app\public\wp-includes\functions.php on line 2187
[24-Mar-2024 12:23:21 UTC] PHP Deprecated:  strpos(): Passing null to parameter #1 ($haystack) of type string is deprecated in C:\Users\Scradle\Local Sites\med-it\app\public\wp-includes\functions.php on line 7241
[24-Mar-2024 12:23:21 UTC] PHP Deprecated:  str_replace(): Passing null to parameter #3 ($subject) of type array|string is deprecated in C:\Users\Scradle\Local Sites\med-it\app\public\wp-includes\functions.php on line 2187
[24-Mar-2024 12:23:28 UTC] PHP Deprecated:  strpos(): Passing null to parameter #1 ($haystack) of type string is deprecated in C:\Users\Scradle\Local Sites\med-it\app\public\wp-includes\functions.php on line 7241
[24-Mar-2024 12:23:28 UTC] PHP Deprecated:  str_replace(): Passing null to parameter #3 ($subject) of type array|string is deprecated in C:\Users\Scradle\Local Sites\med-it\app\public\wp-includes\functions.php on line 2187
[24-Mar-2024 12:28:59 UTC] PHP Deprecated:  strpos(): Passing null to parameter #1 ($haystack) of type string is deprecated in C:\Users\Scradle\Local Sites\med-it\app\public\wp-includes\functions.php on line 7241
[24-Mar-2024 12:28:59 UTC] PHP Deprecated:  str_replace(): Passing null to parameter #3 ($subject) of type array|string is deprecated in C:\Users\Scradle\Local Sites\med-it\app\public\wp-includes\functions.php on line 2187
[24-Mar-2024 12:32:38 UTC] PHP Deprecated:  strpos(): Passing null to parameter #1 ($haystack) of type string is deprecated in C:\Users\Scradle\Local Sites\med-it\app\public\wp-includes\functions.php on line 7241
[24-Mar-2024 12:32:38 UTC] PHP Deprecated:  str_replace(): Passing null to parameter #3 ($subject) of type array|string is deprecated in C:\Users\Scradle\Local Sites\med-it\app\public\wp-includes\functions.php on line 2187
[24-Mar-2024 12:32:46 UTC] PHP Deprecated:  strpos(): Passing null to parameter #1 ($haystack) of type string is deprecated in C:\Users\Scradle\Local Sites\med-it\app\public\wp-includes\functions.php on line 7241
[24-Mar-2024 12:32:46 UTC] PHP Deprecated:  str_replace(): Passing null to parameter #3 ($subject) of type array|string is deprecated in C:\Users\Scradle\Local Sites\med-it\app\public\wp-includes\functions.php on line 2187
[24-Mar-2024 12:39:30 UTC] PHP Deprecated:  strpos(): Passing null to parameter #1 ($haystack) of type string is deprecated in C:\Users\Scradle\Local Sites\med-it\app\public\wp-includes\functions.php on line 7241
[24-Mar-2024 12:39:30 UTC] PHP Deprecated:  str_replace(): Passing null to parameter #3 ($subject) of type array|string is deprecated in C:\Users\Scradle\Local Sites\med-it\app\public\wp-includes\functions.php on line 2187
[24-Mar-2024 12:39:52 UTC] PHP Deprecated:  strpos(): Passing null to parameter #1 ($haystack) of type string is deprecated in C:\Users\Scradle\Local Sites\med-it\app\public\wp-includes\functions.php on line 7241
[24-Mar-2024 12:39:52 UTC] PHP Deprecated:  str_replace(): Passing null to parameter #3 ($subject) of type array|string is deprecated in C:\Users\Scradle\Local Sites\med-it\app\public\wp-includes\functions.php on line 2187
[24-Mar-2024 12:39:58 UTC] PHP Deprecated:  strpos(): Passing null to parameter #1 ($haystack) of type string is deprecated in C:\Users\Scradle\Local Sites\med-it\app\public\wp-includes\functions.php on line 7241
[24-Mar-2024 12:39:58 UTC] PHP Deprecated:  str_replace(): Passing null to parameter #3 ($subject) of type array|string is deprecated in C:\Users\Scradle\Local Sites\med-it\app\public\wp-includes\functions.php on line 2187
[24-Mar-2024 12:40:05 UTC] PHP Deprecated:  strpos(): Passing null to parameter #1 ($haystack) of type string is deprecated in C:\Users\Scradle\Local Sites\med-it\app\public\wp-includes\functions.php on line 7241
[24-Mar-2024 12:40:05 UTC] PHP Deprecated:  str_replace(): Passing null to parameter #3 ($subject) of type array|string is deprecated in C:\Users\Scradle\Local Sites\med-it\app\public\wp-includes\functions.php on line 2187
[24-Mar-2024 12:40:07 UTC] PHP Deprecated:  strpos(): Passing null to parameter #1 ($haystack) of type string is deprecated in C:\Users\Scradle\Local Sites\med-it\app\public\wp-includes\functions.php on line 7241
[24-Mar-2024 12:40:07 UTC] PHP Deprecated:  str_replace(): Passing null to parameter #3 ($subject) of type array|string is deprecated in C:\Users\Scradle\Local Sites\med-it\app\public\wp-includes\functions.php on line 2187
[24-Mar-2024 12:40:11 UTC] PHP Deprecated:  strpos(): Passing null to parameter #1 ($haystack) of type string is deprecated in C:\Users\Scradle\Local Sites\med-it\app\public\wp-includes\functions.php on line 7241
[24-Mar-2024 12:40:11 UTC] PHP Deprecated:  str_replace(): Passing null to parameter #3 ($subject) of type array|string is deprecated in C:\Users\Scradle\Local Sites\med-it\app\public\wp-includes\functions.php on line 2187
[24-Mar-2024 12:52:12 UTC] PHP Deprecated:  strpos(): Passing null to parameter #1 ($haystack) of type string is deprecated in C:\Users\Scradle\Local Sites\med-it\app\public\wp-includes\functions.php on line 7241
[24-Mar-2024 12:52:12 UTC] PHP Deprecated:  str_replace(): Passing null to parameter #3 ($subject) of type array|string is deprecated in C:\Users\Scradle\Local Sites\med-it\app\public\wp-includes\functions.php on line 2187
[24-Mar-2024 12:52:16 UTC] PHP Deprecated:  strpos(): Passing null to parameter #1 ($haystack) of type string is deprecated in C:\Users\Scradle\Local Sites\med-it\app\public\wp-includes\functions.php on line 7241
[24-Mar-2024 12:52:16 UTC] PHP Deprecated:  str_replace(): Passing null to parameter #3 ($subject) of type array|string is deprecated in C:\Users\Scradle\Local Sites\med-it\app\public\wp-includes\functions.php on line 2187
[24-Mar-2024 12:52:38 UTC] PHP Deprecated:  strpos(): Passing null to parameter #1 ($haystack) of type string is deprecated in C:\Users\Scradle\Local Sites\med-it\app\public\wp-includes\functions.php on line 7241
[24-Mar-2024 12:52:38 UTC] PHP Deprecated:  str_replace(): Passing null to parameter #3 ($subject) of type array|string is deprecated in C:\Users\Scradle\Local Sites\med-it\app\public\wp-includes\functions.php on line 2187
[24-Mar-2024 12:52:59 UTC] PHP Deprecated:  strpos(): Passing null to parameter #1 ($haystack) of type string is deprecated in C:\Users\Scradle\Local Sites\med-it\app\public\wp-includes\functions.php on line 7241
[24-Mar-2024 12:52:59 UTC] PHP Deprecated:  str_replace(): Passing null to parameter #3 ($subject) of type array|string is deprecated in C:\Users\Scradle\Local Sites\med-it\app\public\wp-includes\functions.php on line 2187
[24-Mar-2024 12:53:02 UTC] PHP Deprecated:  strpos(): Passing null to parameter #1 ($haystack) of type string is deprecated in C:\Users\Scradle\Local Sites\med-it\app\public\wp-includes\functions.php on line 7241
[24-Mar-2024 12:53:02 UTC] PHP Deprecated:  str_replace(): Passing null to parameter #3 ($subject) of type array|string is deprecated in C:\Users\Scradle\Local Sites\med-it\app\public\wp-includes\functions.php on line 2187
[24-Mar-2024 12:53:34 UTC] PHP Deprecated:  strpos(): Passing null to parameter #1 ($haystack) of type string is deprecated in C:\Users\Scradle\Local Sites\med-it\app\public\wp-includes\functions.php on line 7241
[24-Mar-2024 12:53:34 UTC] PHP Deprecated:  str_replace(): Passing null to parameter #3 ($subject) of type array|string is deprecated in C:\Users\Scradle\Local Sites\med-it\app\public\wp-includes\functions.php on line 2187
[24-Mar-2024 13:06:16 UTC] PHP Deprecated:  strpos(): Passing null to parameter #1 ($haystack) of type string is deprecated in C:\Users\Scradle\Local Sites\med-it\app\public\wp-includes\functions.php on line 7241
[24-Mar-2024 13:06:16 UTC] PHP Deprecated:  str_replace(): Passing null to parameter #3 ($subject) of type array|string is deprecated in C:\Users\Scradle\Local Sites\med-it\app\public\wp-includes\functions.php on line 2187
[24-Mar-2024 13:08:25 UTC] PHP Warning:  An unexpected error occurred. Something may be wrong with WordPress.org or this server&#8217;s configuration. If you continue to have problems, please try the <a href="https://wordpress.org/support/forums/">support forums</a>. (WordPress could not establish a secure connection to WordPress.org. Please contact your server administrator.) in C:\Users\Scradle\Local Sites\med-it\app\public\wp-includes\update.php on line 211
